I, [2023-02-20T08:37:33.503095 #20]  INFO -- : [1c846414-4435-4322-97e1-54092355893a] Started GET "/" for 172.25.0.1 at 2023-02-20 08:37:33 +0000
I, [2023-02-20T08:37:33.682297 #20]  INFO -- : [1c846414-4435-4322-97e1-54092355893a] Processing by WelcomeController#index as HTML
I, [2023-02-20T08:37:34.111286 #20]  INFO -- : [1c846414-4435-4322-97e1-54092355893a]   Rendered welcome/index.html.erb within layouts/application (Duration: 84.1ms | Allocations: 391)
I, [2023-02-20T08:37:35.477078 #20]  INFO -- : [1c846414-4435-4322-97e1-54092355893a]   Rendered layout layouts/application.html.erb (Duration: 1450.2ms | Allocations: 3126)
I, [2023-02-20T08:37:35.477635 #20]  INFO -- : [1c846414-4435-4322-97e1-54092355893a] Completed 200 OK in 1795ms (Views: 1498.0ms | Allocations: 4410)
I, [2023-02-20T08:37:56.350168 #19]  INFO -- : [da2587b7-e806-41fd-be46-9504fc693ce1] Started GET "/assets/application-d6621387afbaa9aeda81878a0cca16e410cbe7e45f668e6edc1a0d4750fca4e0.css" for 172.25.0.1 at 2023-02-20 08:37:56 +0000
F, [2023-02-20T08:37:56.351552 #19] FATAL -- : [da2587b7-e806-41fd-be46-9504fc693ce1]   
[da2587b7-e806-41fd-be46-9504fc693ce1] ActionController::RoutingError (No route matches [GET] "/assets/application-d6621387afbaa9aeda81878a0cca16e410cbe7e45f668e6edc1a0d4750fca4e0.css"):
[da2587b7-e806-41fd-be46-9504fc693ce1]   
I, [2023-02-20T08:37:56.442298 #20]  INFO -- : [9453f183-881d-4cb9-a312-5c7f5b4b2ab7] Started GET "/assets/es-module-shims.min-d89e73202ec09dede55fb74115af9c5f9f2bb965433de1c2446e1faa6dac2470.js" for 172.25.0.1 at 2023-02-20 08:37:56 +0000
F, [2023-02-20T08:37:56.443128 #20] FATAL -- : [9453f183-881d-4cb9-a312-5c7f5b4b2ab7]   
[9453f183-881d-4cb9-a312-5c7f5b4b2ab7] ActionController::RoutingError (No route matches [GET] "/assets/es-module-shims.min-d89e73202ec09dede55fb74115af9c5f9f2bb965433de1c2446e1faa6dac2470.js"):
[9453f183-881d-4cb9-a312-5c7f5b4b2ab7]   
I, [2023-02-20T08:37:57.124679 #19]  INFO -- : [15d9ed65-56d2-472a-8c79-1f408af5e29b] Started GET "/assets/application-d6621387afbaa9aeda81878a0cca16e410cbe7e45f668e6edc1a0d4750fca4e0.css" for 172.25.0.1 at 2023-02-20 08:37:57 +0000
F, [2023-02-20T08:37:57.128131 #19] FATAL -- : [15d9ed65-56d2-472a-8c79-1f408af5e29b]   
[15d9ed65-56d2-472a-8c79-1f408af5e29b] ActionController::RoutingError (No route matches [GET] "/assets/application-d6621387afbaa9aeda81878a0cca16e410cbe7e45f668e6edc1a0d4750fca4e0.css"):
[15d9ed65-56d2-472a-8c79-1f408af5e29b]   
I, [2023-02-20T08:37:57.129543 #20]  INFO -- : [2411c65c-c7ba-4dfe-b834-006f1e9666c0] Started GET "/assets/es-module-shims.min-d89e73202ec09dede55fb74115af9c5f9f2bb965433de1c2446e1faa6dac2470.js" for 172.25.0.1 at 2023-02-20 08:37:57 +0000
F, [2023-02-20T08:37:57.130221 #20] FATAL -- : [2411c65c-c7ba-4dfe-b834-006f1e9666c0]   
[2411c65c-c7ba-4dfe-b834-006f1e9666c0] ActionController::RoutingError (No route matches [GET] "/assets/es-module-shims.min-d89e73202ec09dede55fb74115af9c5f9f2bb965433de1c2446e1faa6dac2470.js"):
[2411c65c-c7ba-4dfe-b834-006f1e9666c0]   
I, [2023-02-20T08:37:57.306731 #24]  INFO -- : [2e1f80ee-67f1-4b16-8c61-d124674c084c] Started GET "/assets/application-1c9fa0938e93538d1a4bdb14967c3b174bb1b0978ee5f13f11a55cb161a84173.js" for 172.25.0.1 at 2023-02-20 08:37:57 +0000
F, [2023-02-20T08:37:57.308682 #24] FATAL -- : [2e1f80ee-67f1-4b16-8c61-d124674c084c]   
[2e1f80ee-67f1-4b16-8c61-d124674c084c] ActionController::RoutingError (No route matches [GET] "/assets/application-1c9fa0938e93538d1a4bdb14967c3b174bb1b0978ee5f13f11a55cb161a84173.js"):
[2e1f80ee-67f1-4b16-8c61-d124674c084c]   
I, [2023-02-20T08:37:58.610120 #19]  INFO -- : [dc6f93b3-d016-465a-8f31-ab1085f46be2] Started GET "/favicon.ico" for 172.25.0.1 at 2023-02-20 08:37:58 +0000
F, [2023-02-20T08:37:58.610613 #19] FATAL -- : [dc6f93b3-d016-465a-8f31-ab1085f46be2]   
[dc6f93b3-d016-465a-8f31-ab1085f46be2] ActionController::RoutingError (No route matches [GET] "/favicon.ico"):
[dc6f93b3-d016-465a-8f31-ab1085f46be2]   
I, [2023-02-20T08:38:26.989552 #20]  INFO -- : [049da0d7-bf6b-432a-b82e-10b48ced3d13] Started GET "/articles" for 172.25.0.1 at 2023-02-20 08:38:26 +0000
I, [2023-02-20T08:38:26.990426 #20]  INFO -- : [049da0d7-bf6b-432a-b82e-10b48ced3d13] Processing by ArticlesController#index as HTML
I, [2023-02-20T08:38:29.637411 #20]  INFO -- : [049da0d7-bf6b-432a-b82e-10b48ced3d13]   Rendered articles/index.html.erb within layouts/application (Duration: 2624.1ms | Allocations: 4979)
I, [2023-02-20T08:38:29.637586 #20]  INFO -- : [049da0d7-bf6b-432a-b82e-10b48ced3d13]   Rendered layout layouts/application.html.erb (Duration: 2624.3ms | Allocations: 5023)
I, [2023-02-20T08:38:29.637941 #20]  INFO -- : [049da0d7-bf6b-432a-b82e-10b48ced3d13] Completed 500 Internal Server Error in 2647ms (ActiveRecord: 612.9ms | Allocations: 5956)
F, [2023-02-20T08:38:29.643627 #20] FATAL -- : [049da0d7-bf6b-432a-b82e-10b48ced3d13]   
[049da0d7-bf6b-432a-b82e-10b48ced3d13] ActionView::Template::Error (PG::UndefinedTable: ERROR:  relation "articles" does not exist
LINE 1: SELECT "articles".* FROM "articles"
                                 ^
):
[049da0d7-bf6b-432a-b82e-10b48ced3d13]     3: <h1>Article</h1>
[049da0d7-bf6b-432a-b82e-10b48ced3d13]     4: 
[049da0d7-bf6b-432a-b82e-10b48ced3d13]     5: <div id="articles">
[049da0d7-bf6b-432a-b82e-10b48ced3d13]     6:   <%= render @articles %>
[049da0d7-bf6b-432a-b82e-10b48ced3d13]     7: </div>
[049da0d7-bf6b-432a-b82e-10b48ced3d13]     8: 
[049da0d7-bf6b-432a-b82e-10b48ced3d13]     9: <%= link_to "New article", new_article_path %>
[049da0d7-bf6b-432a-b82e-10b48ced3d13]   
[049da0d7-bf6b-432a-b82e-10b48ced3d13] app/views/articles/index.html.erb:6
I, [2023-02-20T08:41:21.663798 #12]  INFO -- : [29791e50-aa07-4cd6-bfaf-0d2bfc3bf956] Started GET "/" for 172.25.0.1 at 2023-02-20 08:41:21 +0000
I, [2023-02-20T08:41:22.905776 #12]  INFO -- : [29791e50-aa07-4cd6-bfaf-0d2bfc3bf956] Processing by WelcomeController#index as HTML
I, [2023-02-20T08:41:23.157899 #12]  INFO -- : [29791e50-aa07-4cd6-bfaf-0d2bfc3bf956]   Rendered welcome/index.html.erb within layouts/application (Duration: 51.0ms | Allocations: 520)
I, [2023-02-20T08:41:23.202870 #12]  INFO -- : [29791e50-aa07-4cd6-bfaf-0d2bfc3bf956]   Rendered layout layouts/application.html.erb (Duration: 96.1ms | Allocations: 3369)
I, [2023-02-20T08:41:23.203356 #12]  INFO -- : [29791e50-aa07-4cd6-bfaf-0d2bfc3bf956] Completed 200 OK in 297ms (Views: 128.9ms | Allocations: 6762)
I, [2023-02-20T08:41:30.987000 #12]  INFO -- : [f951dbb6-3ebc-4f11-941e-2a2ca6d903e0] Started GET "/assets/application-d6621387afbaa9aeda81878a0cca16e410cbe7e45f668e6edc1a0d4750fca4e0.css" for 172.25.0.1 at 2023-02-20 08:41:30 +0000
F, [2023-02-20T08:41:30.988529 #12] FATAL -- : [f951dbb6-3ebc-4f11-941e-2a2ca6d903e0]   
[f951dbb6-3ebc-4f11-941e-2a2ca6d903e0] ActionController::RoutingError (No route matches [GET] "/assets/application-d6621387afbaa9aeda81878a0cca16e410cbe7e45f668e6edc1a0d4750fca4e0.css"):
[f951dbb6-3ebc-4f11-941e-2a2ca6d903e0]   
I, [2023-02-20T08:41:41.931660 #12]  INFO -- : [73b19f20-6865-4e27-9d37-15303864bc63] Started GET "/assets/application-1c9fa0938e93538d1a4bdb14967c3b174bb1b0978ee5f13f11a55cb161a84173.js" for 172.25.0.1 at 2023-02-20 08:41:41 +0000
F, [2023-02-20T08:41:41.932427 #12] FATAL -- : [73b19f20-6865-4e27-9d37-15303864bc63]   
[73b19f20-6865-4e27-9d37-15303864bc63] ActionController::RoutingError (No route matches [GET] "/assets/application-1c9fa0938e93538d1a4bdb14967c3b174bb1b0978ee5f13f11a55cb161a84173.js"):
[73b19f20-6865-4e27-9d37-15303864bc63]   
I, [2023-02-20T08:41:43.955036 #12]  INFO -- : [d865bb07-7d66-4e00-afef-ad1b07f167bb] Started GET "/favicon.ico" for 172.25.0.1 at 2023-02-20 08:41:43 +0000
F, [2023-02-20T08:41:43.956327 #12] FATAL -- : [d865bb07-7d66-4e00-afef-ad1b07f167bb]   
[d865bb07-7d66-4e00-afef-ad1b07f167bb] ActionController::RoutingError (No route matches [GET] "/favicon.ico"):
[d865bb07-7d66-4e00-afef-ad1b07f167bb]   
I, [2023-02-20T08:41:52.568643 #11]  INFO -- : [01f31047-91d7-486e-8e8c-df0c90b0bf39] Started GET "/assets/es-module-shims.min-d89e73202ec09dede55fb74115af9c5f9f2bb965433de1c2446e1faa6dac2470.js" for 172.25.0.1 at 2023-02-20 08:41:52 +0000
F, [2023-02-20T08:41:52.578055 #11] FATAL -- : [01f31047-91d7-486e-8e8c-df0c90b0bf39]   
[01f31047-91d7-486e-8e8c-df0c90b0bf39] ActionController::RoutingError (No route matches [GET] "/assets/es-module-shims.min-d89e73202ec09dede55fb74115af9c5f9f2bb965433de1c2446e1faa6dac2470.js"):
[01f31047-91d7-486e-8e8c-df0c90b0bf39]   
I, [2023-02-20T08:42:00.366495 #12]  INFO -- : [aaabc9c3-0496-4e2f-9800-6493a365ef9c] Started GET "/articles" for 172.25.0.1 at 2023-02-20 08:42:00 +0000
I, [2023-02-20T08:42:00.395348 #12]  INFO -- : [aaabc9c3-0496-4e2f-9800-6493a365ef9c] Processing by ArticlesController#index as HTML
I, [2023-02-20T08:42:02.857122 #12]  INFO -- : [aaabc9c3-0496-4e2f-9800-6493a365ef9c]   Rendered articles/index.html.erb within layouts/application (Duration: 2155.6ms | Allocations: 5530)
I, [2023-02-20T08:42:02.857260 #12]  INFO -- : [aaabc9c3-0496-4e2f-9800-6493a365ef9c]   Rendered layout layouts/application.html.erb (Duration: 2155.9ms | Allocations: 5575)
I, [2023-02-20T08:42:02.857532 #12]  INFO -- : [aaabc9c3-0496-4e2f-9800-6493a365ef9c] Completed 500 Internal Server Error in 2462ms (ActiveRecord: 286.9ms | Allocations: 18605)
F, [2023-02-20T08:42:02.858896 #12] FATAL -- : [aaabc9c3-0496-4e2f-9800-6493a365ef9c]   
[aaabc9c3-0496-4e2f-9800-6493a365ef9c] ActionView::Template::Error (PG::UndefinedTable: ERROR:  relation "articles" does not exist
LINE 1: SELECT "articles".* FROM "articles"
                                 ^
):
[aaabc9c3-0496-4e2f-9800-6493a365ef9c]     3: <h1>Article</h1>
[aaabc9c3-0496-4e2f-9800-6493a365ef9c]     4: 
[aaabc9c3-0496-4e2f-9800-6493a365ef9c]     5: <div id="articles">
[aaabc9c3-0496-4e2f-9800-6493a365ef9c]     6:   <%= render @articles %>
[aaabc9c3-0496-4e2f-9800-6493a365ef9c]     7: </div>
[aaabc9c3-0496-4e2f-9800-6493a365ef9c]     8: 
[aaabc9c3-0496-4e2f-9800-6493a365ef9c]     9: <%= link_to "New article", new_article_path %>
[aaabc9c3-0496-4e2f-9800-6493a365ef9c]   
[aaabc9c3-0496-4e2f-9800-6493a365ef9c] app/views/articles/index.html.erb:6
